    1  mkdir ws2
    2  cd ws2
    3  wget https://s3.amazonaws.com/amazon-reviews-pds/tsv/amazon_reviews_us_Books_v1_02.tsv.gz
    4  gunzip amazon_reviews_us_Books_v1_02.tsv.gz 
    5  ls
    6  grep -E $'(.*\t){11}Y\t' amazon_reviews_us_Books_v1_02.tsv | wc -l
    7  grep -E $'(.*\t){11}Y\t' amazon_reviews_us_Books_v1_02.tsv | wc -l > counts.txt
    8  grep -E $'(.*\t){11}Y\t' amazon_reviews_us_Books_v1_02.tsv | wc -w > counts.txt
    9  cat counts.txt 
   10  grep -E $'(.*\t){11}Y\t' amazon_reviews_us_Books_v1_02.tsv | wc -w >> counts.txt
   11  rm counts.txt 
   12  grep -E $'(.*\t){11}Y\t' amazon_reviews_us_Books_v1_02.tsv | wc -w >> counts.txt
   13  grep -E $'(.*\t){11}Y\t' amazon_reviews_us_Books_v1_02.tsv | wc -l >> counts.txt
   14  cat counts.txt 
   15  nano counts.txt 
   16  grep -Ev $'(.*\t){11}Y\t' amazon_reviews_us_Books_v1_02.tsv | wc -w >> counts.txt
   17  grep -Ev $'(.*\t){11}Y\t' amazon_reviews_us_Books_v1_02.tsv | wc -l >> counts.txt
   18  cat counts.txt 
   19  nano counts.txt 
   20  history > cmds.log
